<?xml version="1.0" encoding="UTF-8"?>
<beans xmlns="http://www.springframework.org/schema/beans"
       xmlns:xsi="http://www.w3.org/2001/XMLSchema-instance" xmlns:jdbc="http://www.springframework.org/schema/jdbc"
       xsi:schemaLocation="http://www.springframework.org/schema/beans
http://www.springframework.org/schema/beans/spring-beans-3.1.xsd http://www.springframework.org/schema/jdbc http://www.springframework.org/schema/jdbc/spring-jdbc.xsd">


    <!-- MySQL database driver -->
    <bean id="dataSource" class="com.jolbox.bonecp.BoneCPDataSource">
        <property name="driverClass" value="org.h2.Driver"/>
        <property name="jdbcUrl" value="jdbc:h2:mem:datajpa"/>
        <property name="username" value="sa"/>
        <property name="password" value=""/>
    </bean>


</beans>

