<?xml version="1.0" encoding="UTF-8"?>
<beans
        xmlns:context="http://www.springframework.org/schema/context"
        xmlns:xsi="http://www.w3.org/2001/XMLSchema-instance"
        xmlns="http://www.springframework.org/schema/beans"
        xmlns:tx="http://www.springframework.org/schema/tx"
        xmlns:p="http://www.springframework.org/schema/p"
        xmlns:data="http://www.springframework.org/schema/data/jpa"
        xsi:schemaLocation="http://www.springframework.org/schema/beans http://www.springframework.org/schema/beans/spring-beans.xsd

		http://www.springframework.org/schema/tx http://www.springframework.org/schema/tx/spring-tx.xsd
		http://www.springframework.org/schema/context http://www.springframework.org/schema/context/spring-context.xsd http://www.springframework.org/schema/data/jpa http://www.springframework.org/schema/data/jpa/spring-jpa.xsd">

    <import resource="test-data-source.xml"/>
    <!-- Scan persistence package for annotations -->

    <context:component-scan base-package="be.spring.app.persistence"/>
    <context:component-scan base-package="be.spring.app.service">
        <context:exclude-filter expression="be.spring.app.service.MailServiceImpl" type="regex"/>
    </context:component-scan>
    <context:component-scan base-package="be.spring.app.utils">
        <context:exclude-filter expression="be.spring.app.utils.SecurityUtils" type="regex"/>
    </context:component-scan>

    <bean id="populateDb" autowire="constructor" class="utils.populateDb"/>

    <tx:annotation-driven transaction-manager="transactionManager"/>

    <data:repositories base-package="be.spring.app.persistence"/>

    <!-- make a bean out of jdbcTemplate, otherwise there are password column errors
    <bean id="jdbcTemplate" class="org.springframework.jdbc.core.JdbcTemplate" p:dataSource-ref="dataSource"/>
    <util:properties id="hibernateProperties">
        <prop key="hibernate.dialect">org.hibernate.dialect.MySQLDialect</prop>
        <prop key="hibernate.show_sql">true</prop>
        <prop key="hibernate.hbm2ddl.auto">update</prop>
    </util:properties>
    -->

    <bean id="entityManagerFactory" class="org.springframework.orm.jpa.LocalContainerEntityManagerFactoryBean"
          p:dataSource-ref="dataSource"
          p:packagesToScan="be.spring.app.model">
        <property name="persistenceProvider">
            <bean class="org.hibernate.ejb.HibernatePersistence"/>
        </property>
        <!-- Added to make sure jdbcTemplate can be used with JPA (transactional) -->
        <property name="jpaVendorAdapter">
            <bean class="org.springframework.orm.jpa.vendor.HibernateJpaVendorAdapter">
                <property name="showSql" value="true" />
                <property name="generateDdl" value="true" />
                <property name="databasePlatform" value="org.hibernate.dialect.MySQLDialect" />
            </bean>
        </property>
        <property name="jpaProperties">
            <props>
                <prop key="hibernate.dialect">org.hibernate.dialect.MySQL5Dialect</prop>
                <prop key="hibernate.show_sql">true</prop>
                <prop key="hibernate.hbm2ddl.auto">update</prop>
            </props>
        </property>
    </bean>
    <bean id="transactionManager" class="org.springframework.orm.jpa.JpaTransactionManager">
        <property name="dataSource" ref="dataSource"/>
        <property name="entityManagerFactory" ref="entityManagerFactory"/>
    </bean>
    <tx:annotation-driven/>

</beans>
