<?xml version="1.0" encoding="UTF-8"?>
<beans xmlns="http://www.springframework.org/schema/beans"
       xmlns:xsi="http://www.w3.org/2001/XMLSchema-instance"
       xmlns:security="http://www.springframework.org/schema/security"
       xsi:schemaLocation="http://www.springframework.org/schema/security http://www.springframework.org/schema/security/spring-security.xsd
		http://www.springframework.org/schema/beans http://www.springframework.org/schema/beans/spring-beans.xsd">

    <bean id="passwordEncoder" class="org.springframework.security.crypto.bcrypt.BCryptPasswordEncoder"/>

    <security:http auto-config="true" use-expressions="true" access-denied-page="/access-denied.html">
<security:form-login default-target-url="/welcome.html" authentication-failure-url="/login.html?auth=fail" login-page="/login.html"/>
<security:remember-me user-service-ref="userDetailsService"/>
<security:logout logout-success-url="/home.html" />
</security:http>


    <security:authentication-manager>
    <security:authentication-provider user-service-ref="userDetailsService">
        <security:password-encoder ref="passwordEncoder" />
    </security:authentication-provider>
</security:authentication-manager>

</beans>